
> educrm-frontend@0.1.0 dev
> vite --host 127.0.0.1 --port 5173


  [32m[1mVITE[22m v7.3.6[39m  [2mready in [0m[1m349[22m[2m[0m ms[22m

  [32m➜[39m  [1mLocal[22m:   [36mhttp://127.0.0.1:[1m5173[22m/[39m
[2m14:06:33[22m [36m[1m[vite][22m[39m [90m[2m(client)[22m[39m [32mhmr update [39m[2m/src/index.css, /src/pages/pageUtils.jsx[22m
[2m14:06:34[22m [36m[1m[vite][22m[39m [90m[2m(client)[22m[39m [33mhmr invalidate [39m[2m/src/pages/pageUtils.jsx[22m Could not Fast Refresh (new export)
[2m14:06:34[22m [36m[1m[vite][22m[39m [90m[2m(client)[22m[39m [32mhmr update [39m[2m/src/pages/ClientsPage.jsx, /src/pages/FinancePage.jsx, /src/pages/DashboardPage.jsx, /src/pages/ChatPage.jsx, /src/pages/SubscriptionsPage.jsx, /src/pages/TrialsPage.jsx, /src/pages/SettingsPage.jsx, /src/pages/ReportsPage.jsx, /src/pages/MasterClassesPage.jsx, /src/pages/TasksPage.jsx[22m
[2m14:18:29[22m [36m[1m[vite][22m[39m [90m[2m(client)[22m[39m [32mhmr update [39m[2m/src/pages/TrialsPage.jsx, /src/index.css[22m
[2m14:40:24[22m [36m[1m[vite][22m[39m [90m[2m(client)[22m[39m [32mhmr update [39m[2m/src/index.css, /src/pages/pageUtils.jsx[22m
[2m14:40:25[22m [36m[1m[vite][22m[39m [90m[2m(client)[22m[39m [33mhmr invalidate [39m[2m/src/pages/pageUtils.jsx[22m Could not Fast Refresh ("dateOnly" export is incompatible). Learn more at https://github.com/vitejs/vite-plugin-react/tree/main/packages/plugin-react#consistent-components-exports
[2m14:40:25[22m [36m[1m[vite][22m[39m [90m[2m(client)[22m[39m [32mhmr update [39m[2m/src/pages/ClientsPage.jsx, /src/pages/FinancePage.jsx, /src/pages/DashboardPage.jsx, /src/pages/ChatPage.jsx, /src/pages/SubscriptionsPage.jsx, /src/pages/TrialsPage.jsx, /src/pages/SettingsPage.jsx, /src/pages/ReportsPage.jsx, /src/pages/MasterClassesPage.jsx, /src/pages/TasksPage.jsx[22m
[2m14:41:28[22m [36m[1m[vite][22m[39m [90m[2m(client)[22m[39m [32mhmr update [39m[2m/src/pages/ClientsPage.jsx, /src/index.css[22m
[2m14:41:28[22m [36m[1m[vite][22m[39m [90m[2m(client)[22m[39m [32mpage reload [39m[2msrc/pages/ClientsPage.jsx[22m
[2m14:41:59[22m [36m[1m[vite][22m[39m [90m[2m(client)[22m[39m [32mhmr update [39m[2m/src/pages/SubscriptionsPage.jsx, /src/index.css[22m
[2m14:42:00[22m [36m[1m[vite][22m[39m [90m[2m(client)[22m[39m [32mpage reload [39m[2msrc/pages/SubscriptionsPage.jsx[22m
[2m14:42:25[22m [36m[1m[vite][22m[39m [90m[2m(client)[22m[39m [32mhmr update [39m[2m/src/pages/MasterClassesPage.jsx, /src/index.css[22m
[2m14:42:26[22m [36m[1m[vite][22m[39m [90m[2m(client)[22m[39m [32mpage reload [39m[2msrc/pages/MasterClassesPage.jsx[22m
[2m14:44:13[22m [36m[1m[vite][22m[39m [90m[2m(client)[22m[39m [32mhmr update [39m[2m/src/App.jsx, /src/index.css[22m
[2m14:44:14[22m [36m[1m[vite][22m[39m [90m[2m(client)[22m[39m [32mhmr update [39m[2m/src/index.css, /src/components/layout/Sidebar.jsx[22m
[2m14:44:15[22m [36m[1m[vite][22m[39m [90m[2m(client)[22m[39m [32mpage reload [39m[2msrc/components/layout/Sidebar.jsx[22m
[2m14:44:16[22m [36m[1m[vite][22m[39m [90m[2m(client)[22m[39m [32mhmr update [39m[2m/src/index.css, /src/components/layout/Topbar.jsx[22m
[2m14:44:17[22m [36m[1m[vite][22m[39m [90m[2m(client)[22m[39m [32mpage reload [39m[2msrc/components/layout/Topbar.jsx[22m
[2m14:44:34[22m [36m[1m[vite][22m[39m [90m[2m(client)[22m[39m [32mhmr update [39m[2m/src/pages/DashboardPage.jsx, /src/index.css[22m
[2m14:44:34[22m [36m[1m[vite][22m[39m [90m[2m(client)[22m[39m [32mpage reload [39m[2msrc/pages/DashboardPage.jsx[22m
[2m14:44:51[22m [36m[1m[vite][22m[39m [90m[2m(client)[22m[39m [32mhmr update [39m[2m/src/pages/MasterClassesPage.jsx, /src/index.css[22m
[2m14:45:00[22m [36m[1m[vite][22m[39m [90m[2m(client)[22m[39m [32mhmr update [39m[2m/src/index.css, /src/components/ui/Badge.jsx[22m
[2m15:00:00[22m [36m[1m[vite][22m[39m [90m[2m(client)[22m[39m [32mhmr update [39m[2m/src/index.css, /src/pages/pageUtils.jsx[22m
[2m15:00:01[22m [36m[1m[vite][22m[39m [90m[2m(client)[22m[39m [33mhmr invalidate [39m[2m/src/pages/pageUtils.jsx[22m Could not Fast Refresh ("dateOnly" export is incompatible). Learn more at https://github.com/vitejs/vite-plugin-react/tree/main/packages/plugin-react#consistent-components-exports
[2m15:00:01[22m [36m[1m[vite][22m[39m [90m[2m(client)[22m[39m [32mhmr update [39m[2m/src/pages/FinancePage.jsx, /src/pages/ChatPage.jsx, /src/pages/TrialsPage.jsx, /src/pages/SettingsPage.jsx, /src/pages/ReportsPage.jsx, /src/pages/TasksPage.jsx, /src/pages/ClientsPage.jsx, /src/pages/SubscriptionsPage.jsx, /src/pages/MasterClassesPage.jsx, /src/pages/VisitsPage.jsx, /src/pages/ClientDetailPage.jsx, /src/pages/DashboardPage.jsx[22m
[2m15:00:01[22m [36m[1m[vite][22m[39m [90m[2m(client)[22m[39m [33mhmr invalidate [39m[2m/src/pages/VisitsPage.jsx[22m Could not Fast Refresh ("visitStatusOptions" export is incompatible). Learn more at https://github.com/vitejs/vite-plugin-react/tree/main/packages/plugin-react#consistent-components-exports
[2m15:00:01[22m [36m[1m[vite][22m[39m [90m[2m(client)[22m[39m [32mhmr update [39m[2m/src/App.jsx, /src/pages/ClientDetailPage.jsx[22m
[2m15:21:54[22m [36m[1m[vite][22m[39m [90m[2m(client)[22m[39m [32mhmr update [39m[2m/src/index.css, /src/pages/pageUtils.jsx[22m
[2m15:21:55[22m [36m[1m[vite][22m[39m [90m[2m(client)[22m[39m [33mhmr invalidate [39m[2m/src/pages/pageUtils.jsx[22m Could not Fast Refresh ("dateOnly" export is incompatible). Learn more at https://github.com/vitejs/vite-plugin-react/tree/main/packages/plugin-react#consistent-components-exports
[2m15:21:55[22m [36m[1m[vite][22m[39m [90m[2m(client)[22m[39m [32mhmr update [39m[2m/src/pages/FinancePage.jsx, /src/pages/ChatPage.jsx, /src/pages/TrialsPage.jsx, /src/pages/SettingsPage.jsx, /src/pages/ReportsPage.jsx, /src/pages/TasksPage.jsx, /src/pages/ClientsPage.jsx, /src/pages/SubscriptionsPage.jsx, /src/pages/MasterClassesPage.jsx, /src/pages/VisitsPage.jsx, /src/pages/ClientDetailPage.jsx, /src/pages/DashboardPage.jsx[22m
[2m15:21:55[22m [36m[1m[vite][22m[39m [90m[2m(client)[22m[39m [33mhmr invalidate [39m[2m/src/pages/VisitsPage.jsx[22m Could not Fast Refresh ("visitStatusOptions" export is incompatible). Learn more at https://github.com/vitejs/vite-plugin-react/tree/main/packages/plugin-react#consistent-components-exports
[2m15:21:55[22m [36m[1m[vite][22m[39m [90m[2m(client)[22m[39m [32mhmr update [39m[2m/src/App.jsx, /src/pages/ClientDetailPage.jsx[22m
[2m15:40:06[22m [36m[1m[vite][22m[39m [90m[2m(client)[22m[39m [32mhmr update [39m[2m/src/index.css, /src/pages/pageUtils.jsx[22m
[2m15:40:06[22m [36m[1m[vite][22m[39m [90m[2m(client)[22m[39m [33mhmr invalidate [39m[2m/src/pages/pageUtils.jsx[22m Could not Fast Refresh ("dateOnly" export is incompatible). Learn more at https://github.com/vitejs/vite-plugin-react/tree/main/packages/plugin-react#consistent-components-exports
[2m15:40:06[22m [36m[1m[vite][22m[39m [90m[2m(client)[22m[39m [32mhmr update [39m[2m/src/pages/FinancePage.jsx, /src/pages/ChatPage.jsx, /src/pages/TrialsPage.jsx, /src/pages/SettingsPage.jsx, /src/pages/ReportsPage.jsx, /src/pages/TasksPage.jsx, /src/pages/ClientsPage.jsx, /src/pages/SubscriptionsPage.jsx, /src/pages/MasterClassesPage.jsx, /src/pages/VisitsPage.jsx, /src/pages/ClientDetailPage.jsx, /src/pages/DashboardPage.jsx[22m
[2m15:40:06[22m [36m[1m[vite][22m[39m [90m[2m(client)[22m[39m [33mhmr invalidate [39m[2m/src/pages/VisitsPage.jsx[22m Could not Fast Refresh ("visitStatusOptions" export is incompatible). Learn more at https://github.com/vitejs/vite-plugin-react/tree/main/packages/plugin-react#consistent-components-exports
[2m15:40:06[22m [36m[1m[vite][22m[39m [90m[2m(client)[22m[39m [32mhmr update [39m[2m/src/App.jsx, /src/pages/ClientDetailPage.jsx[22m
[2m15:40:07[22m [36m[1m[vite][22m[39m [90m[2m(client)[22m[39m [32mhmr update [39m[2m/src/pages/TrialsPage.jsx, /src/index.css[22m
[2m15:40:08[22m [36m[1m[vite][22m[39m [90m[2m(client)[22m[39m [32mhmr update [39m[2m/src/pages/FinancePage.jsx, /src/index.css[22m
[2m15:42:58[22m [36m[1m[vite][22m[39m [90m[2m(client)[22m[39m [32mhmr update [39m[2m/src/index.css, /src/pages/pageUtils.jsx[22m
[2m15:42:58[22m [36m[1m[vite][22m[39m [90m[2m(client)[22m[39m [33mhmr invalidate [39m[2m/src/pages/pageUtils.jsx[22m Could not Fast Refresh ("dateOnly" export is incompatible). Learn more at https://github.com/vitejs/vite-plugin-react/tree/main/packages/plugin-react#consistent-components-exports
[2m15:42:58[22m [36m[1m[vite][22m[39m [90m[2m(client)[22m[39m [32mhmr update [39m[2m/src/pages/FinancePage.jsx, /src/pages/ChatPage.jsx, /src/pages/TrialsPage.jsx, /src/pages/SettingsPage.jsx, /src/pages/ReportsPage.jsx, /src/pages/TasksPage.jsx, /src/pages/ClientsPage.jsx, /src/pages/SubscriptionsPage.jsx, /src/pages/MasterClassesPage.jsx, /src/pages/VisitsPage.jsx, /src/pages/ClientDetailPage.jsx, /src/pages/DashboardPage.jsx[22m
[2m15:42:59[22m [36m[1m[vite][22m[39m [90m[2m(client)[22m[39m [33mhmr invalidate [39m[2m/src/pages/VisitsPage.jsx[22m Could not Fast Refresh ("visitStatusOptions" export is incompatible). Learn more at https://github.com/vitejs/vite-plugin-react/tree/main/packages/plugin-react#consistent-components-exports
[2m15:42:59[22m [36m[1m[vite][22m[39m [90m[2m(client)[22m[39m [32mhmr update [39m[2m/src/App.jsx, /src/pages/ClientDetailPage.jsx[22m
[2m16:01:04[22m [36m[1m[vite][22m[39m [90m[2m(client)[22m[39m [32mhmr update [39m[2m/src/pages/SettingsPage.jsx, /src/index.css[22m
[2m16:01:05[22m [36m[1m[vite][22m[39m [90m[2m(client)[22m[39m [32mhmr update [39m[2m/src/pages/TrialsPage.jsx, /src/index.css[22m
[2m16:30:55[22m [36m[1m[vite][22m[39m [90m[2m(client)[22m[39m [32mhmr update [39m[2m/src/pages/SettingsPage.jsx, /src/index.css[22m
[2m17:11:40[22m [36m[1m[vite][22m[39m [90m[2m(client)[22m[39m [32mhmr update [39m[2m/src/index.css, /src/pages/ChatPage.jsx, /src/pages/LoginPage.jsx, /src/pages/SettingsPage.jsx, /src/pages/ReportsPage.jsx, /src/pages/TasksPage.jsx, /src/pages/pageUtils.jsx, /src/pages/ClientDetailPage.jsx, /src/pages/DashboardPage.jsx[22m
[2m17:11:41[22m [36m[1m[vite][22m[39m [90m[2m(client)[22m[39m [33mhmr invalidate [39m[2m/src/pages/pageUtils.jsx[22m Could not Fast Refresh ("dateOnly" export is incompatible). Learn more at https://github.com/vitejs/vite-plugin-react/tree/main/packages/plugin-react#consistent-components-exports
[2m17:11:41[22m [36m[1m[vite][22m[39m [90m[2m(client)[22m[39m [32mhmr update [39m[2m/src/pages/FinancePage.jsx, /src/pages/ChatPage.jsx, /src/pages/TrialsPage.jsx, /src/pages/SettingsPage.jsx, /src/pages/ReportsPage.jsx, /src/pages/TasksPage.jsx, /src/pages/ClientsPage.jsx, /src/pages/SubscriptionsPage.jsx, /src/pages/MasterClassesPage.jsx, /src/pages/VisitsPage.jsx, /src/pages/ClientDetailPage.jsx, /src/pages/DashboardPage.jsx[22m
