Watching for file changes with StatReloader
Unauthorized: /api/import/excel/
[02/Jul/2026 17:24:32] "POST /api/import/excel/ HTTP/1.1" 401 172
[02/Jul/2026 17:24:32] "POST /api/token/refresh/ HTTP/1.1" 200 244
[02/Jul/2026 17:25:04] "GET /api/clients/ HTTP/1.1" 200 69426
[02/Jul/2026 17:26:09] "OPTIONS /api/token/ HTTP/1.1" 200 0
[02/Jul/2026 17:26:10] "POST /api/token/ HTTP/1.1" 200 489
[02/Jul/2026 17:26:12] "GET /api/dashboard/stats/ HTTP/1.1" 200 357
[02/Jul/2026 17:26:14] "GET /api/dashboard/stats/ HTTP/1.1" 200 357
[02/Jul/2026 17:27:27] "GET /api/dashboard/stats/ HTTP/1.1" 200 357
[02/Jul/2026 17:27:29] "GET /api/dashboard/stats/ HTTP/1.1" 200 357
[02/Jul/2026 17:28:59] "GET /api/subscriptions/ HTTP/1.1" 200 1295550
[02/Jul/2026 17:29:18,838] - Broken pipe from ('127.0.0.1', 59379)
[02/Jul/2026 17:29:33] "GET /api/subscriptions/ HTTP/1.1" 200 1295550
Unauthorized: /api/subscriptions/
Unauthorized: /api/clients/
Unauthorized: /api/subscriptions/
[02/Jul/2026 17:31:42] "GET /api/clients/ HTTP/1.1" 401 172
[02/Jul/2026 17:31:42] "GET /api/subscriptions/ HTTP/1.1" 401 172
Unauthorized: /api/clients/
[02/Jul/2026 17:31:42] "GET /api/clients/ HTTP/1.1" 401 172
[02/Jul/2026 17:31:42] "GET /api/subscriptions/ HTTP/1.1" 401 172
[02/Jul/2026 17:31:42] "POST /api/token/refresh/ HTTP/1.1" 200 244
[02/Jul/2026 17:31:42] "POST /api/token/refresh/ HTTP/1.1" 200 244
[02/Jul/2026 17:31:42] "POST /api/token/refresh/ HTTP/1.1" 200 244
[02/Jul/2026 17:31:42] "POST /api/token/refresh/ HTTP/1.1" 200 244
[02/Jul/2026 17:31:43,341] - Broken pipe from ('127.0.0.1', 57241)
[02/Jul/2026 17:31:43,527] - Broken pipe from ('127.0.0.1', 54370)
[02/Jul/2026 17:31:49] "GET /api/clients/ HTTP/1.1" 200 69426
[02/Jul/2026 17:31:58] "GET /api/clients/ HTTP/1.1" 200 69426
[02/Jul/2026 17:32:43,769] - Broken pipe from ('127.0.0.1', 49760)
[02/Jul/2026 17:32:48,290] - Broken pipe from ('127.0.0.1', 58916)
[02/Jul/2026 17:32:48,670] - Broken pipe from ('127.0.0.1', 53048)
[02/Jul/2026 17:32:55] "GET /api/clients/ HTTP/1.1" 200 69426
[02/Jul/2026 17:33:04,703] - Broken pipe from ('127.0.0.1', 62759)
[02/Jul/2026 17:33:14] "GET /api/clients/ HTTP/1.1" 200 69426
[02/Jul/2026 17:33:31] "GET /api/clients/ HTTP/1.1" 200 69426
[02/Jul/2026 17:34:07] "GET /api/clients/ HTTP/1.1" 200 69426
[02/Jul/2026 17:34:29] "GET /api/clients/ HTTP/1.1" 200 69426
[02/Jul/2026 17:34:38,810] - Broken pipe from ('127.0.0.1', 65253)
[02/Jul/2026 17:34:49] "GET /api/clients/ HTTP/1.1" 200 69426
[02/Jul/2026 17:34:54,739] - Broken pipe from ('127.0.0.1', 62756)
[02/Jul/2026 17:35:15] "GET /api/clients/ HTTP/1.1" 200 69426
[02/Jul/2026 17:35:36] "GET /api/clients/ HTTP/1.1" 200 69426
[02/Jul/2026 17:36:00] "GET /api/clients/ HTTP/1.1" 200 69426
[02/Jul/2026 17:36:36,626] - Broken pipe from ('127.0.0.1', 54355)
[02/Jul/2026 17:37:26,210] - Broken pipe from ('127.0.0.1', 49692)
[02/Jul/2026 17:37:34,721] - Broken pipe from ('127.0.0.1', 55141)
[02/Jul/2026 17:38:12,801] - Broken pipe from ('127.0.0.1', 62022)
[02/Jul/2026 17:38:28,837] - Broken pipe from ('127.0.0.1', 53678)
[02/Jul/2026 17:39:15,740] - Broken pipe from ('127.0.0.1', 49683)
[02/Jul/2026 17:39:26,192] - Broken pipe from ('127.0.0.1', 58788)
[02/Jul/2026 17:39:30,442] - Broken pipe from ('127.0.0.1', 58351)
[02/Jul/2026 17:39:31,223] - Broken pipe from ('127.0.0.1', 56018)
[02/Jul/2026 17:39:39] "GET /api/subscriptions/ HTTP/1.1" 200 1295550
[02/Jul/2026 17:39:43] "GET /api/subscriptions/ HTTP/1.1" 200 1295550
Unauthorized: /api/subscriptions/
[02/Jul/2026 17:40:48] "GET /api/subscriptions/ HTTP/1.1" 401 172
Unauthorized: /api/subscriptions/
[02/Jul/2026 17:40:48] "GET /api/subscriptions/ HTTP/1.1" 401 172
[02/Jul/2026 17:40:48] "POST /api/token/refresh/ HTTP/1.1" 200 244
[02/Jul/2026 17:40:48] "POST /api/token/refresh/ HTTP/1.1" 200 244
[02/Jul/2026 17:40:56] "GET /api/dashboard/stats/ HTTP/1.1" 200 357
[02/Jul/2026 17:40:57] "GET /api/dashboard/stats/ HTTP/1.1" 200 357
[02/Jul/2026 17:40:59] "GET /api/dashboard/stats/ HTTP/1.1" 200 357
[02/Jul/2026 17:41:01] "GET /api/dashboard/stats/ HTTP/1.1" 200 357
[02/Jul/2026 17:41:04,645] - Broken pipe from ('127.0.0.1', 55823)
[02/Jul/2026 17:41:08] "GET /api/clients/ HTTP/1.1" 200 69426
[02/Jul/2026 17:41:09] "GET /api/dashboard/stats/ HTTP/1.1" 200 357
[02/Jul/2026 17:41:10,850] - Broken pipe from ('127.0.0.1', 56192)
[02/Jul/2026 17:41:11,153] - Broken pipe from ('127.0.0.1', 57603)
[02/Jul/2026 17:41:12] "GET /api/dashboard/stats/ HTTP/1.1" 200 357
[02/Jul/2026 17:41:13] "OPTIONS /api/visits/ HTTP/1.1" 200 0
[02/Jul/2026 17:41:13] "OPTIONS /api/visits/ HTTP/1.1" 200 0
[02/Jul/2026 17:41:13] "GET /api/dashboard/stats/ HTTP/1.1" 200 357
[02/Jul/2026 17:41:14] "GET /api/visits/ HTTP/1.1" 200 2
[02/Jul/2026 17:41:14] "GET /api/visits/ HTTP/1.1" 200 2
[02/Jul/2026 17:41:29,497] - Broken pipe from ('127.0.0.1', 50384)
Unauthorized: /api/visits/
[02/Jul/2026 18:01:23] "GET /api/visits/ HTTP/1.1" 401 172
Unauthorized: /api/visits/
[02/Jul/2026 18:01:23] "GET /api/visits/ HTTP/1.1" 401 172
[02/Jul/2026 18:01:23] "POST /api/token/refresh/ HTTP/1.1" 200 244
[02/Jul/2026 18:01:23] "POST /api/token/refresh/ HTTP/1.1" 200 244
[02/Jul/2026 18:01:24] "GET /api/visits/ HTTP/1.1" 200 2
[02/Jul/2026 18:01:24] "GET /api/visits/ HTTP/1.1" 200 2
[02/Jul/2026 18:01:33] "GET /api/dashboard/stats/ HTTP/1.1" 200 357
[02/Jul/2026 18:01:33] "GET /api/dashboard/stats/ HTTP/1.1" 200 357
[02/Jul/2026 18:01:35] "GET /api/dashboard/stats/ HTTP/1.1" 200 357
[02/Jul/2026 18:01:36] "GET /api/dashboard/stats/ HTTP/1.1" 200 357
[02/Jul/2026 18:01:39] "GET /api/clients/ HTTP/1.1" 200 69426
[02/Jul/2026 18:01:40,504] - Broken pipe from ('127.0.0.1', 54816)
[02/Jul/2026 18:01:43] "GET /api/clients/ HTTP/1.1" 200 69426
[02/Jul/2026 18:01:45,468] - Broken pipe from ('127.0.0.1', 63477)
[02/Jul/2026 18:01:45] "GET /api/visits/ HTTP/1.1" 200 2
[02/Jul/2026 18:01:45] "GET /api/visits/ HTTP/1.1" 200 2
[02/Jul/2026 18:01:46] "GET /api/settings/ HTTP/1.1" 200 2
[02/Jul/2026 18:01:46] "GET /api/settings/ HTTP/1.1" 200 2
[02/Jul/2026 18:02:29,045] - Broken pipe from ('127.0.0.1', 60666)
[02/Jul/2026 18:02:29] "GET /api/settings/ HTTP/1.1" 200 2
[02/Jul/2026 18:02:30] "GET /api/settings/ HTTP/1.1" 200 2
[02/Jul/2026 18:02:36] "GET /api/clients/ HTTP/1.1" 200 69426
[02/Jul/2026 18:02:36,689] - Broken pipe from ('127.0.0.1', 65407)
[02/Jul/2026 18:02:39] "GET /api/clients/ HTTP/1.1" 200 69426
[02/Jul/2026 18:02:40] "GET /api/clients/ HTTP/1.1" 200 69426
[02/Jul/2026 18:02:45] "GET /api/clients/ HTTP/1.1" 200 69426
[02/Jul/2026 18:02:46] "GET /api/clients/ HTTP/1.1" 200 69426
[02/Jul/2026 18:02:48] "GET /api/dashboard/stats/ HTTP/1.1" 200 357
[02/Jul/2026 18:02:49] "GET /api/dashboard/stats/ HTTP/1.1" 200 357
[02/Jul/2026 18:02:52] "GET /api/dashboard/stats/ HTTP/1.1" 200 357
[02/Jul/2026 18:02:53] "GET /api/dashboard/stats/ HTTP/1.1" 200 357
[02/Jul/2026 18:03:00] "GET /api/visits/ HTTP/1.1" 200 2
[02/Jul/2026 18:03:01] "GET /api/visits/ HTTP/1.1" 200 2
[02/Jul/2026 18:03:02] "GET /api/visits/ HTTP/1.1" 200 2
[02/Jul/2026 18:03:02] "GET /api/visits/ HTTP/1.1" 200 2
[02/Jul/2026 18:03:03] "GET /api/trials/ HTTP/1.1" 200 2
[02/Jul/2026 18:03:03] "GET /api/trials/ HTTP/1.1" 200 2
[02/Jul/2026 18:03:05] "GET /api/trials/ HTTP/1.1" 200 2
[02/Jul/2026 18:03:05] "GET /api/trials/ HTTP/1.1" 200 2
[02/Jul/2026 18:03:06] "GET /api/master-classes/ HTTP/1.1" 200 2
[02/Jul/2026 18:03:06] "GET /api/master-classes/ HTTP/1.1" 200 2
[02/Jul/2026 18:03:09] "GET /api/master-classes/ HTTP/1.1" 200 2
[02/Jul/2026 18:03:09] "GET /api/master-classes/ HTTP/1.1" 200 2
[02/Jul/2026 18:03:10] "GET /api/tasks/ HTTP/1.1" 200 2
[02/Jul/2026 18:03:10] "GET /api/tasks/ HTTP/1.1" 200 2
[02/Jul/2026 18:03:12] "GET /api/tasks/ HTTP/1.1" 200 2
[02/Jul/2026 18:03:12,471] - Broken pipe from ('127.0.0.1', 63135)
[02/Jul/2026 18:03:12] "GET /api/tasks/ HTTP/1.1" 200 2
[02/Jul/2026 18:03:17] "GET /api/finance/ HTTP/1.1" 200 2
[02/Jul/2026 18:03:17] "GET /api/finance/ HTTP/1.1" 200 2
[02/Jul/2026 18:03:19] "GET /api/finance/ HTTP/1.1" 200 2
[02/Jul/2026 18:03:19] "GET /api/finance/ HTTP/1.1" 200 2
[02/Jul/2026 18:03:20] "GET /api/reports/summary/ HTTP/1.1" 200 197
[02/Jul/2026 18:03:21] "GET /api/reports/summary/ HTTP/1.1" 200 197
Unauthorized: /api/subscriptions/
[02/Jul/2026 18:03:43] "GET /api/subscriptions/ HTTP/1.1" 401 172
Unauthorized: /api/subscriptions/
[02/Jul/2026 18:03:43] "GET /api/subscriptions/ HTTP/1.1" 401 172
[02/Jul/2026 18:03:43] "POST /api/token/refresh/ HTTP/1.1" 200 244
[02/Jul/2026 18:03:43] "POST /api/token/refresh/ HTTP/1.1" 200 244
[02/Jul/2026 18:03:46] "GET /api/dashboard/stats/ HTTP/1.1" 200 357
[02/Jul/2026 18:03:46] "OPTIONS /api/visits/ HTTP/1.1" 200 0
[02/Jul/2026 18:03:46] "OPTIONS /api/visits/ HTTP/1.1" 200 0
[02/Jul/2026 18:03:46] "OPTIONS /api/trials/ HTTP/1.1" 200 0
[02/Jul/2026 18:03:46] "OPTIONS /api/trials/ HTTP/1.1" 200 0
[02/Jul/2026 18:03:46] "GET /api/visits/ HTTP/1.1" 200 2
[02/Jul/2026 18:03:47] "GET /api/trials/ HTTP/1.1" 200 2
[02/Jul/2026 18:03:47] "GET /api/visits/ HTTP/1.1" 200 2
[02/Jul/2026 18:03:47] "GET /api/trials/ HTTP/1.1" 200 2
[02/Jul/2026 18:03:48] "GET /api/dashboard/stats/ HTTP/1.1" 200 357
[02/Jul/2026 18:03:48] "GET /api/master-classes/ HTTP/1.1" 200 2
[02/Jul/2026 18:03:49] "GET /api/master-classes/ HTTP/1.1" 200 2
[02/Jul/2026 18:03:49] "GET /api/tasks/ HTTP/1.1" 200 2
[02/Jul/2026 18:03:49] "OPTIONS /api/finance/ HTTP/1.1" 200 0
[02/Jul/2026 18:03:49] "OPTIONS /api/finance/ HTTP/1.1" 200 0
[02/Jul/2026 18:03:49] "GET /api/tasks/ HTTP/1.1" 200 2
[02/Jul/2026 18:03:49] "GET /api/finance/ HTTP/1.1" 200 2
[02/Jul/2026 18:03:50] "GET /api/finance/ HTTP/1.1" 200 2
[02/Jul/2026 18:03:50] "OPTIONS /api/reports/summary/ HTTP/1.1" 200 0
[02/Jul/2026 18:03:50] "OPTIONS /api/reports/summary/ HTTP/1.1" 200 0
[02/Jul/2026 18:03:51] "OPTIONS /api/chat/messages/ HTTP/1.1" 200 0
[02/Jul/2026 18:03:51] "OPTIONS /api/chat/messages/ HTTP/1.1" 200 0
[02/Jul/2026 18:03:51] "GET /api/reports/summary/ HTTP/1.1" 200 197
[02/Jul/2026 18:03:51] "GET /api/chat/messages/ HTTP/1.1" 200 198
[02/Jul/2026 18:03:51] "GET /api/chat/messages/ HTTP/1.1" 200 198
[02/Jul/2026 18:03:51] "GET /api/reports/summary/ HTTP/1.1" 200 197
[02/Jul/2026 18:03:52] "GET /api/settings/ HTTP/1.1" 200 2
[02/Jul/2026 18:03:52] "GET /api/settings/ HTTP/1.1" 200 2
[02/Jul/2026 18:03:58,773] - Broken pipe from ('127.0.0.1', 54100)
[02/Jul/2026 18:04:04,786] - Broken pipe from ('127.0.0.1', 58947)
[02/Jul/2026 18:04:40] "POST /api/token/ HTTP/1.1" 200 489
[02/Jul/2026 18:04:42] "GET /api/dashboard/stats/ HTTP/1.1" 200 357
[02/Jul/2026 18:04:44] "GET /api/dashboard/stats/ HTTP/1.1" 200 357
[02/Jul/2026 18:04:56,086] - Broken pipe from ('127.0.0.1', 54532)
[02/Jul/2026 18:04:59] "GET /api/visits/ HTTP/1.1" 200 2
[02/Jul/2026 18:05:00] "GET /api/visits/ HTTP/1.1" 200 2
[02/Jul/2026 18:05:00] "GET /api/trials/ HTTP/1.1" 200 2
[02/Jul/2026 18:05:01] "GET /api/trials/ HTTP/1.1" 200 2
[02/Jul/2026 18:05:01] "GET /api/master-classes/ HTTP/1.1" 200 2
[02/Jul/2026 18:05:02] "GET /api/master-classes/ HTTP/1.1" 200 2
[02/Jul/2026 18:05:02] "GET /api/tasks/ HTTP/1.1" 200 2
[02/Jul/2026 18:05:02] "GET /api/tasks/ HTTP/1.1" 200 2
[02/Jul/2026 18:05:03] "GET /api/finance/ HTTP/1.1" 200 2
[02/Jul/2026 18:05:03] "GET /api/finance/ HTTP/1.1" 200 2
[02/Jul/2026 18:05:04] "GET /api/reports/summary/ HTTP/1.1" 200 197
[02/Jul/2026 18:05:04] "GET /api/chat/messages/ HTTP/1.1" 200 198
[02/Jul/2026 18:05:05] "GET /api/chat/messages/ HTTP/1.1" 200 198
[02/Jul/2026 18:05:05] "GET /api/reports/summary/ HTTP/1.1" 200 197
[02/Jul/2026 18:05:06] "GET /api/settings/ HTTP/1.1" 200 2
[02/Jul/2026 18:05:06] "GET /api/settings/ HTTP/1.1" 200 2
[02/Jul/2026 18:05:08] "GET /api/clients/ HTTP/1.1" 200 69426
[02/Jul/2026 18:05:09] "GET /api/dashboard/stats/ HTTP/1.1" 200 357
[02/Jul/2026 18:05:11] "GET /api/dashboard/stats/ HTTP/1.1" 200 357
[02/Jul/2026 18:05:19,333] - Broken pipe from ('127.0.0.1', 54620)
[02/Jul/2026 18:05:19,685] - Broken pipe from ('127.0.0.1', 53931)
[02/Jul/2026 18:05:19,713] - Broken pipe from ('127.0.0.1', 63205)
[02/Jul/2026 18:05:30,646] - Broken pipe from ('127.0.0.1', 63706)
[02/Jul/2026 18:05:32,553] - Broken pipe from ('127.0.0.1', 60629)
[02/Jul/2026 18:05:39,560] - Broken pipe from ('127.0.0.1', 56064)
[02/Jul/2026 18:06:29,764] - Broken pipe from ('127.0.0.1', 53041)
[02/Jul/2026 18:06:56,745] - Broken pipe from ('127.0.0.1', 52498)
